<?xml version="1.0" encoding="UTF-8"?>
<!-- Generated by org.testng.reporters.JUnitReportReporter -->
<testsuite hostname="US9OADUMVT" failures="0" tests="2" name="testpages.RegisterPageTest" time="1.715" errors="0" timestamp="2024-11-15T12:25:28 IST" skipped="0">
  <testcase classname="testpages.RegisterPageTest" name="testRegistration" time="0.378"/>
  <system-out/>
  <testcase classname="testpages.RegisterPageTest" name="testRegistration" time="1.337"/>
  <system-out/>
</testsuite> <!-- testpages.RegisterPageTest -->
