<?xml version="1.0" encoding="UTF-8"?>
<!-- Generated by org.testng.reporters.JUnitReportReporter -->
<testsuite hostname="US9OADUMVT" failures="0" tests="1" name="testpages.PFwwftest" time="1.442" errors="0" timestamp="2024-11-14T10:34:17 IST" skipped="0">
  <testcase classname="testpages.PFwwftest" name="testPFwwf" time="1.442"/>
  <system-out/>
</testsuite> <!-- testpages.PFwwftest -->
