<?xml version="1.0" encoding="UTF-8"?>
<!-- Generated by org.testng.reporters.JUnitReportReporter -->
<testsuite hostname="US9OADUMVT" failures="0" tests="4" name="demo_scripts.Regesiter_demo" time="6.235" errors="0" timestamp="2024-11-14T12:01:16 IST" skipped="0">
  <testcase classname="demo_scripts.Regesiter_demo" name="reg_succesfull" time="2.659"/>
  <system-out/>
  <testcase classname="demo_scripts.Regesiter_demo" name="reg_succesfull" time="2.575"/>
  <system-out/>
  <testcase classname="demo_scripts.Regesiter_demo" name="test_title" time="0.158"/>
  <system-out/>
  <testcase classname="demo_scripts.Regesiter_demo" name="test_pwdMismatch_displayAlert" time="0.843"/>
  <system-out/>
</testsuite> <!-- demo_scripts.Regesiter_demo -->
