<?xml version="1.0" encoding="UTF-8"?>
<!-- Generated by org.testng.reporters.JUnitReportReporter -->
<testsuite hostname="US9OADUMVT" failures="0" tests="1" name="demo_scripts.Screeshotdemo" time="0.271" errors="0" timestamp="2024-11-13T13:01:41 IST" skipped="0">
  <testcase classname="demo_scripts.Screeshotdemo" name="screenshot" time="0.271"/>
  <system-out/>
</testsuite> <!-- demo_scripts.Screeshotdemo -->
