<?xml version="1.0" encoding="UTF-8"?>
<!-- Generated by org.testng.reporters.JUnitReportReporter -->
<testsuite hostname="US9OADUMVT" failures="0" tests="3" name="demo_scripts.Regesiterdemo" time="3.423" errors="0" timestamp="2024-11-13T16:07:35 IST" skipped="0">
  <testcase classname="demo_scripts.Regesiterdemo" name="reg_succesfull" time="2.747"/>
  <system-out/>
  <testcase classname="demo_scripts.Regesiterdemo" name="test_title" time="0.107"/>
  <system-out/>
  <testcase classname="demo_scripts.Regesiterdemo" name="test_pwdMismatch_displayAlert" time="0.569"/>
  <system-out/>
</testsuite> <!-- demo_scripts.Regesiterdemo -->
