<?xml version="1.0" encoding="UTF-8"?>
<!-- Generated by org.testng.reporters.JUnitReportReporter -->
<testsuite hostname="US9OADUMVT" failures="0" tests="1" name="demo_scripts.JavaScriptexcu" time="0.034" errors="0" timestamp="2024-11-13T16:06:57 IST" skipped="0">
  <testcase classname="demo_scripts.JavaScriptexcu" name="test_javascript" time="0.034"/>
  <system-out/>
</testsuite> <!-- demo_scripts.JavaScriptexcu -->
